<?xml version="1.0" encoding="UTF-8"?>
<testsuite xmlns:xsi="http://www.w3.org/2001/XMLSchema-instance" xsi:noNamespaceSchemaLocation="https://maven.apache.org/surefire/maven-surefire-plugin/xsd/surefire-test-report-3.0.xsd" version="3.0" name="ec.edu.espe.granjapiscicola.RunCucumberTest" time="73.986" tests="14" errors="0" skipped="0" failures="9">
  <properties>
    <property name="java.specification.version" value="17"/>
    <property name="sun.cpu.isalist" value="amd64"/>
    <property name="sun.jnu.encoding" value="Cp1252"/>
    <property name="java.class.path" value="C:\Users\noobp\OneDrive\Escritorio\Proyecto1\14569_G4_IRSW\Documentacion1\13_GranjaPiscicolaTest\target\test-classes;C:\Users\noobp\OneDrive\Escritorio\Proyecto1\14569_G4_IRSW\Documentacion1\13_GranjaPiscicolaTest\target\classes;C:\Users\noobp\.m2\repository\org\seleniumhq\selenium\selenium-java\4.23.0\selenium-java-4.23.0.jar;C:\Users\noobp\.m2\repository\org\seleniumhq\selenium\selenium-api\4.23.0\selenium-api-4.23.0.jar;C:\Users\noobp\.m2\repository\org\seleniumhq\selenium\selenium-chrome-driver\4.23.0\selenium-chrome-driver-4.23.0.jar;C:\Users\noobp\.m2\repository\com\google\auto\service\auto-service-annotations\1.1.1\auto-service-annotations-1.1.1.jar;C:\Users\noobp\.m2\repository\org\seleniumhq\selenium\selenium-chromium-driver\4.23.0\selenium-chromium-driver-4.23.0.jar;C:\Users\noobp\.m2\repository\org\seleniumhq\selenium\selenium-json\4.23.0\selenium-json-4.23.0.jar;C:\Users\noobp\.m2\repository\org\seleniumhq\selenium\selenium-manager\4.23.0\selenium-manager-4.23.0.jar;C:\Users\noobp\.m2\repository\org\seleniumhq\selenium\selenium-devtools-v125\4.23.0\selenium-devtools-v125-4.23.0.jar;C:\Users\noobp\.m2\repository\org\seleniumhq\selenium\selenium-devtools-v126\4.23.0\selenium-devtools-v126-4.23.0.jar;C:\Users\noobp\.m2\repository\org\seleniumhq\selenium\selenium-devtools-v127\4.23.0\selenium-devtools-v127-4.23.0.jar;C:\Users\noobp\.m2\repository\org\seleniumhq\selenium\selenium-devtools-v85\4.23.0\selenium-devtools-v85-4.23.0.jar;C:\Users\noobp\.m2\repository\org\seleniumhq\selenium\selenium-edge-driver\4.23.0\selenium-edge-driver-4.23.0.jar;C:\Users\noobp\.m2\repository\org\seleniumhq\selenium\selenium-firefox-driver\4.23.0\selenium-firefox-driver-4.23.0.jar;C:\Users\noobp\.m2\repository\org\seleniumhq\selenium\selenium-http\4.23.0\selenium-http-4.23.0.jar;C:\Users\noobp\.m2\repository\dev\failsafe\failsafe\3.3.2\failsafe-3.3.2.jar;C:\Users\noobp\.m2\repository\org\seleniumhq\selenium\selenium-ie-driver\4.23.0\selenium-ie-driver-4.23.0.jar;C:\Users\noobp\.m2\repository\org\seleniumhq\selenium\selenium-remote-driver\4.23.0\selenium-remote-driver-4.23.0.jar;C:\Users\noobp\.m2\repository\com\google\guava\guava\33.2.1-jre\guava-33.2.1-jre.jar;C:\Users\noobp\.m2\repository\com\google\guava\failureaccess\1.0.2\failureaccess-1.0.2.jar;C:\Users\noobp\.m2\repository\com\google\guava\listenablefuture\9999.0-empty-to-avoid-conflict-with-guava\listenablefuture-9999.0-empty-to-avoid-conflict-with-guava.jar;C:\Users\noobp\.m2\repository\com\google\code\findbugs\jsr305\3.0.2\jsr305-3.0.2.jar;C:\Users\noobp\.m2\repository\org\checkerframework\checker-qual\3.42.0\checker-qual-3.42.0.jar;C:\Users\noobp\.m2\repository\com\google\errorprone\error_prone_annotations\2.26.1\error_prone_annotations-2.26.1.jar;C:\Users\noobp\.m2\repository\com\google\j2objc\j2objc-annotations\3.0.0\j2objc-annotations-3.0.0.jar;C:\Users\noobp\.m2\repository\io\opentelemetry\semconv\opentelemetry-semconv\1.25.0-alpha\opentelemetry-semconv-1.25.0-alpha.jar;C:\Users\noobp\.m2\repository\io\opentelemetry\opentelemetry-api\1.40.0\opentelemetry-api-1.40.0.jar;C:\Users\noobp\.m2\repository\io\opentelemetry\opentelemetry-context\1.40.0\opentelemetry-context-1.40.0.jar;C:\Users\noobp\.m2\repository\io\opentelemetry\opentelemetry-exporter-logging\1.40.0\opentelemetry-exporter-logging-1.40.0.jar;C:\Users\noobp\.m2\repository\io\opentelemetry\opentelemetry-sdk-common\1.40.0\opentelemetry-sdk-common-1.40.0.jar;C:\Users\noobp\.m2\repository\io\opentelemetry\opentelemetry-sdk-extension-autoconfigure-spi\1.40.0\opentelemetry-sdk-extension-autoconfigure-spi-1.40.0.jar;C:\Users\noobp\.m2\repository\io\opentelemetry\opentelemetry-sdk-extension-autoconfigure\1.40.0\opentelemetry-sdk-extension-autoconfigure-1.40.0.jar;C:\Users\noobp\.m2\repository\io\opentelemetry\opentelemetry-api-incubator\1.40.0-alpha\opentelemetry-api-incubator-1.40.0-alpha.jar;C:\Users\noobp\.m2\repository\io\opentelemetry\opentelemetry-sdk-trace\1.40.0\opentelemetry-sdk-trace-1.40.0.jar;C:\Users\noobp\.m2\repository\io\opentelemetry\opentelemetry-sdk\1.40.0\opentelemetry-sdk-1.40.0.jar;C:\Users\noobp\.m2\repository\io\opentelemetry\opentelemetry-sdk-metrics\1.40.0\opentelemetry-sdk-metrics-1.40.0.jar;C:\Users\noobp\.m2\repository\io\opentelemetry\opentelemetry-sdk-logs\1.40.0\opentelemetry-sdk-logs-1.40.0.jar;C:\Users\noobp\.m2\repository\net\bytebuddy\byte-buddy\1.14.18\byte-buddy-1.14.18.jar;C:\Users\noobp\.m2\repository\org\seleniumhq\selenium\selenium-os\4.23.0\selenium-os-4.23.0.jar;C:\Users\noobp\.m2\repository\org\apache\commons\commons-exec\1.4.0\commons-exec-1.4.0.jar;C:\Users\noobp\.m2\repository\org\seleniumhq\selenium\selenium-safari-driver\4.23.0\selenium-safari-driver-4.23.0.jar;C:\Users\noobp\.m2\repository\org\seleniumhq\selenium\selenium-support\4.23.0\selenium-support-4.23.0.jar;C:\Users\noobp\.m2\repository\io\cucumber\cucumber-java\7.18.1\cucumber-java-7.18.1.jar;C:\Users\noobp\.m2\repository\org\apiguardian\apiguardian-api\1.1.2\apiguardian-api-1.1.2.jar;C:\Users\noobp\.m2\repository\io\cucumber\cucumber-core\7.18.1\cucumber-core-7.18.1.jar;C:\Users\noobp\.m2\repository\io\cucumber\cucumber-gherkin\7.18.1\cucumber-gherkin-7.18.1.jar;C:\Users\noobp\.m2\repository\io\cucumber\cucumber-gherkin-messages\7.18.1\cucumber-gherkin-messages-7.18.1.jar;C:\Users\noobp\.m2\repository\io\cucumber\gherkin\28.0.0\gherkin-28.0.0.jar;C:\Users\noobp\.m2\repository\io\cucumber\messages\24.1.0\messages-24.1.0.jar;C:\Users\noobp\.m2\repository\io\cucumber\testng-xml-formatter\0.2.0\testng-xml-formatter-0.2.0.jar;C:\Users\noobp\.m2\repository\io\cucumber\query\12.2.0\query-12.2.0.jar;C:\Users\noobp\.m2\repository\io\cucumber\tag-expressions\6.1.0\tag-expressions-6.1.0.jar;C:\Users\noobp\.m2\repository\io\cucumber\cucumber-expressions\17.1.0\cucumber-expressions-17.1.0.jar;C:\Users\noobp\.m2\repository\io\cucumber\datatable\7.18.1\datatable-7.18.1.jar;C:\Users\noobp\.m2\repository\io\cucumber\cucumber-plugin\7.18.1\cucumber-plugin-7.18.1.jar;C:\Users\noobp\.m2\repository\io\cucumber\docstring\7.18.1\docstring-7.18.1.jar;C:\Users\noobp\.m2\repository\io\cucumber\html-formatter\21.4.1\html-formatter-21.4.1.jar;C:\Users\noobp\.m2\repository\io\cucumber\junit-xml-formatter\0.5.0\junit-xml-formatter-0.5.0.jar;C:\Users\noobp\.m2\repository\io\cucumber\ci-environment\10.0.1\ci-environment-10.0.1.jar;C:\Users\noobp\.m2\repository\io\cucumber\cucumber-junit\7.18.1\cucumber-junit-7.18.1.jar;C:\Users\noobp\.m2\repository\junit\junit\4.11\junit-4.11.jar;C:\Users\noobp\.m2\repository\org\hamcrest\hamcrest-core\1.3\hamcrest-core-1.3.jar;C:\Users\noobp\.m2\repository\tech\grasshopper\extentreports-cucumber7-adapter\1.9.1\extentreports-cucumber7-adapter-1.9.1.jar;C:\Users\noobp\.m2\repository\com\aventstack\extentreports\5.0.9\extentreports-5.0.9.jar;C:\Users\noobp\.m2\repository\io\reactivex\rxjava3\rxjava\3.0.4\rxjava-3.0.4.jar;C:\Users\noobp\.m2\repository\org\reactivestreams\reactive-streams\1.0.3\reactive-streams-1.0.3.jar;C:\Users\noobp\.m2\repository\org\freemarker\freemarker\2.3.30\freemarker-2.3.30.jar;C:\Users\noobp\.m2\repository\com\google\code\gson\gson\2.8.6\gson-2.8.6.jar;C:\Users\noobp\.m2\repository\tech\grasshopper\extent-pdf-report\2.9.1\extent-pdf-report-2.9.1.jar;C:\Users\noobp\.m2\repository\tech\grasshopper\cucumber-pdf-report\2.11.1\cucumber-pdf-report-2.11.1.jar;C:\Users\noobp\.m2\repository\org\apache\pdfbox\pdfbox\2.0.26\pdfbox-2.0.26.jar;C:\Users\noobp\.m2\repository\org\apache\pdfbox\fontbox\2.0.26\fontbox-2.0.26.jar;C:\Users\noobp\.m2\repository\org\knowm\xchart\xchart\3.8.0\xchart-3.8.0.jar;C:\Users\noobp\.m2\repository\de\erichseifert\vectorgraphics2d\VectorGraphics2D\0.13\VectorGraphics2D-0.13.jar;C:\Users\noobp\.m2\repository\de\rototor\pdfbox\graphics2d\0.30\graphics2d-0.30.jar;C:\Users\noobp\.m2\repository\com\madgag\animated-gif-lib\1.4\animated-gif-lib-1.4.jar;C:\Users\noobp\.m2\repository\org\yaml\snakeyaml\1.28\snakeyaml-1.28.jar;C:\Users\noobp\.m2\repository\tech\grasshopper\table-layout\1.5.1\table-layout-1.5.1.jar;C:\Users\noobp\.m2\repository\tech\grasshopper\rest-assured-cucumber-pdf-report\1.4.1\rest-assured-cucumber-pdf-report-1.4.1.jar;C:\Users\noobp\.m2\repository\org\jsoup\jsoup\1.15.3\jsoup-1.15.3.jar;C:\Users\noobp\.m2\repository\com\aventstack\klov-reporter\5.0.9\klov-reporter-5.0.9.jar;C:\Users\noobp\.m2\repository\org\mongodb\mongodb-driver\3.6.4\mongodb-driver-3.6.4.jar;C:\Users\noobp\.m2\repository\org\mongodb\mongodb-driver-core\3.6.4\mongodb-driver-core-3.6.4.jar;C:\Users\noobp\.m2\repository\org\mongodb\bson\3.6.4\bson-3.6.4.jar;C:\Users\noobp\.m2\repository\org\apache\httpcomponents\httpclient\4.5.13\httpclient-4.5.13.jar;C:\Users\noobp\.m2\repository\org\apache\httpcomponents\httpcore\4.4.13\httpcore-4.4.13.jar;C:\Users\noobp\.m2\repository\commons-logging\commons-logging\1.2\commons-logging-1.2.jar;C:\Users\noobp\.m2\repository\commons-codec\commons-codec\1.11\commons-codec-1.11.jar;C:\Users\noobp\.m2\repository\org\apache\httpcomponents\httpmime\4.5.13\httpmime-4.5.13.jar;C:\Users\noobp\.m2\repository\tech\grasshopper\htmlextentreporter\1.0.1\htmlextentreporter-1.0.1.jar;C:\Users\noobp\.m2\repository\com\itextpdf\itextpdf\5.5.13.4\itextpdf-5.5.13.4.jar;C:\Users\noobp\.m2\repository\org\projectlombok\lombok\1.18.24\lombok-1.18.24.jar;"/>
    <property name="java.vm.vendor" value="Oracle Corporation"/>
    <property name="sun.arch.data.model" value="64"/>
    <property name="user.variant" value=""/>
    <property name="java.vendor.url" value="https://java.oracle.com/"/>
    <property name="user.timezone" value="America/Guayaquil"/>
    <property name="os.name" value="Windows 11"/>
    <property name="java.vm.specification.version" value="17"/>
    <property name="sun.java.launcher" value="SUN_STANDARD"/>
    <property name="user.country" value="419"/>
    <property name="sun.boot.library.path" value="C:\Program Files\Java\jdk-17\bin"/>
    <property name="sun.java.command" value="C:\Users\noobp\AppData\Local\Temp\surefire8524073080004070618\surefirebooter1015427357413963105.jar C:\Users\noobp\AppData\Local\Temp\surefire8524073080004070618 2024-08-16T05-07-58_621-jvmRun1 surefire6239847552526792805tmp surefire_09821530500404472051tmp"/>
    <property name="jdk.debug" value="release"/>
    <property name="surefire.test.class.path" value="C:\Users\noobp\OneDrive\Escritorio\Proyecto1\14569_G4_IRSW\Documentacion1\13_GranjaPiscicolaTest\target\test-classes;C:\Users\noobp\OneDrive\Escritorio\Proyecto1\14569_G4_IRSW\Documentacion1\13_GranjaPiscicolaTest\target\classes;C:\Users\noobp\.m2\repository\org\seleniumhq\selenium\selenium-java\4.23.0\selenium-java-4.23.0.jar;C:\Users\noobp\.m2\repository\org\seleniumhq\selenium\selenium-api\4.23.0\selenium-api-4.23.0.jar;C:\Users\noobp\.m2\repository\org\seleniumhq\selenium\selenium-chrome-driver\4.23.0\selenium-chrome-driver-4.23.0.jar;C:\Users\noobp\.m2\repository\com\google\auto\service\auto-service-annotations\1.1.1\auto-service-annotations-1.1.1.jar;C:\Users\noobp\.m2\repository\org\seleniumhq\selenium\selenium-chromium-driver\4.23.0\selenium-chromium-driver-4.23.0.jar;C:\Users\noobp\.m2\repository\org\seleniumhq\selenium\selenium-json\4.23.0\selenium-json-4.23.0.jar;C:\Users\noobp\.m2\repository\org\seleniumhq\selenium\selenium-manager\4.23.0\selenium-manager-4.23.0.jar;C:\Users\noobp\.m2\repository\org\seleniumhq\selenium\selenium-devtools-v125\4.23.0\selenium-devtools-v125-4.23.0.jar;C:\Users\noobp\.m2\repository\org\seleniumhq\selenium\selenium-devtools-v126\4.23.0\selenium-devtools-v126-4.23.0.jar;C:\Users\noobp\.m2\repository\org\seleniumhq\selenium\selenium-devtools-v127\4.23.0\selenium-devtools-v127-4.23.0.jar;C:\Users\noobp\.m2\repository\org\seleniumhq\selenium\selenium-devtools-v85\4.23.0\selenium-devtools-v85-4.23.0.jar;C:\Users\noobp\.m2\repository\org\seleniumhq\selenium\selenium-edge-driver\4.23.0\selenium-edge-driver-4.23.0.jar;C:\Users\noobp\.m2\repository\org\seleniumhq\selenium\selenium-firefox-driver\4.23.0\selenium-firefox-driver-4.23.0.jar;C:\Users\noobp\.m2\repository\org\seleniumhq\selenium\selenium-http\4.23.0\selenium-http-4.23.0.jar;C:\Users\noobp\.m2\repository\dev\failsafe\failsafe\3.3.2\failsafe-3.3.2.jar;C:\Users\noobp\.m2\repository\org\seleniumhq\selenium\selenium-ie-driver\4.23.0\selenium-ie-driver-4.23.0.jar;C:\Users\noobp\.m2\repository\org\seleniumhq\selenium\selenium-remote-driver\4.23.0\selenium-remote-driver-4.23.0.jar;C:\Users\noobp\.m2\repository\com\google\guava\guava\33.2.1-jre\guava-33.2.1-jre.jar;C:\Users\noobp\.m2\repository\com\google\guava\failureaccess\1.0.2\failureaccess-1.0.2.jar;C:\Users\noobp\.m2\repository\com\google\guava\listenablefuture\9999.0-empty-to-avoid-conflict-with-guava\listenablefuture-9999.0-empty-to-avoid-conflict-with-guava.jar;C:\Users\noobp\.m2\repository\com\google\code\findbugs\jsr305\3.0.2\jsr305-3.0.2.jar;C:\Users\noobp\.m2\repository\org\checkerframework\checker-qual\3.42.0\checker-qual-3.42.0.jar;C:\Users\noobp\.m2\repository\com\google\errorprone\error_prone_annotations\2.26.1\error_prone_annotations-2.26.1.jar;C:\Users\noobp\.m2\repository\com\google\j2objc\j2objc-annotations\3.0.0\j2objc-annotations-3.0.0.jar;C:\Users\noobp\.m2\repository\io\opentelemetry\semconv\opentelemetry-semconv\1.25.0-alpha\opentelemetry-semconv-1.25.0-alpha.jar;C:\Users\noobp\.m2\repository\io\opentelemetry\opentelemetry-api\1.40.0\opentelemetry-api-1.40.0.jar;C:\Users\noobp\.m2\repository\io\opentelemetry\opentelemetry-context\1.40.0\opentelemetry-context-1.40.0.jar;C:\Users\noobp\.m2\repository\io\opentelemetry\opentelemetry-exporter-logging\1.40.0\opentelemetry-exporter-logging-1.40.0.jar;C:\Users\noobp\.m2\repository\io\opentelemetry\opentelemetry-sdk-common\1.40.0\opentelemetry-sdk-common-1.40.0.jar;C:\Users\noobp\.m2\repository\io\opentelemetry\opentelemetry-sdk-extension-autoconfigure-spi\1.40.0\opentelemetry-sdk-extension-autoconfigure-spi-1.40.0.jar;C:\Users\noobp\.m2\repository\io\opentelemetry\opentelemetry-sdk-extension-autoconfigure\1.40.0\opentelemetry-sdk-extension-autoconfigure-1.40.0.jar;C:\Users\noobp\.m2\repository\io\opentelemetry\opentelemetry-api-incubator\1.40.0-alpha\opentelemetry-api-incubator-1.40.0-alpha.jar;C:\Users\noobp\.m2\repository\io\opentelemetry\opentelemetry-sdk-trace\1.40.0\opentelemetry-sdk-trace-1.40.0.jar;C:\Users\noobp\.m2\repository\io\opentelemetry\opentelemetry-sdk\1.40.0\opentelemetry-sdk-1.40.0.jar;C:\Users\noobp\.m2\repository\io\opentelemetry\opentelemetry-sdk-metrics\1.40.0\opentelemetry-sdk-metrics-1.40.0.jar;C:\Users\noobp\.m2\repository\io\opentelemetry\opentelemetry-sdk-logs\1.40.0\opentelemetry-sdk-logs-1.40.0.jar;C:\Users\noobp\.m2\repository\net\bytebuddy\byte-buddy\1.14.18\byte-buddy-1.14.18.jar;C:\Users\noobp\.m2\repository\org\seleniumhq\selenium\selenium-os\4.23.0\selenium-os-4.23.0.jar;C:\Users\noobp\.m2\repository\org\apache\commons\commons-exec\1.4.0\commons-exec-1.4.0.jar;C:\Users\noobp\.m2\repository\org\seleniumhq\selenium\selenium-safari-driver\4.23.0\selenium-safari-driver-4.23.0.jar;C:\Users\noobp\.m2\repository\org\seleniumhq\selenium\selenium-support\4.23.0\selenium-support-4.23.0.jar;C:\Users\noobp\.m2\repository\io\cucumber\cucumber-java\7.18.1\cucumber-java-7.18.1.jar;C:\Users\noobp\.m2\repository\org\apiguardian\apiguardian-api\1.1.2\apiguardian-api-1.1.2.jar;C:\Users\noobp\.m2\repository\io\cucumber\cucumber-core\7.18.1\cucumber-core-7.18.1.jar;C:\Users\noobp\.m2\repository\io\cucumber\cucumber-gherkin\7.18.1\cucumber-gherkin-7.18.1.jar;C:\Users\noobp\.m2\repository\io\cucumber\cucumber-gherkin-messages\7.18.1\cucumber-gherkin-messages-7.18.1.jar;C:\Users\noobp\.m2\repository\io\cucumber\gherkin\28.0.0\gherkin-28.0.0.jar;C:\Users\noobp\.m2\repository\io\cucumber\messages\24.1.0\messages-24.1.0.jar;C:\Users\noobp\.m2\repository\io\cucumber\testng-xml-formatter\0.2.0\testng-xml-formatter-0.2.0.jar;C:\Users\noobp\.m2\repository\io\cucumber\query\12.2.0\query-12.2.0.jar;C:\Users\noobp\.m2\repository\io\cucumber\tag-expressions\6.1.0\tag-expressions-6.1.0.jar;C:\Users\noobp\.m2\repository\io\cucumber\cucumber-expressions\17.1.0\cucumber-expressions-17.1.0.jar;C:\Users\noobp\.m2\repository\io\cucumber\datatable\7.18.1\datatable-7.18.1.jar;C:\Users\noobp\.m2\repository\io\cucumber\cucumber-plugin\7.18.1\cucumber-plugin-7.18.1.jar;C:\Users\noobp\.m2\repository\io\cucumber\docstring\7.18.1\docstring-7.18.1.jar;C:\Users\noobp\.m2\repository\io\cucumber\html-formatter\21.4.1\html-formatter-21.4.1.jar;C:\Users\noobp\.m2\repository\io\cucumber\junit-xml-formatter\0.5.0\junit-xml-formatter-0.5.0.jar;C:\Users\noobp\.m2\repository\io\cucumber\ci-environment\10.0.1\ci-environment-10.0.1.jar;C:\Users\noobp\.m2\repository\io\cucumber\cucumber-junit\7.18.1\cucumber-junit-7.18.1.jar;C:\Users\noobp\.m2\repository\junit\junit\4.11\junit-4.11.jar;C:\Users\noobp\.m2\repository\org\hamcrest\hamcrest-core\1.3\hamcrest-core-1.3.jar;C:\Users\noobp\.m2\repository\tech\grasshopper\extentreports-cucumber7-adapter\1.9.1\extentreports-cucumber7-adapter-1.9.1.jar;C:\Users\noobp\.m2\repository\com\aventstack\extentreports\5.0.9\extentreports-5.0.9.jar;C:\Users\noobp\.m2\repository\io\reactivex\rxjava3\rxjava\3.0.4\rxjava-3.0.4.jar;C:\Users\noobp\.m2\repository\org\reactivestreams\reactive-streams\1.0.3\reactive-streams-1.0.3.jar;C:\Users\noobp\.m2\repository\org\freemarker\freemarker\2.3.30\freemarker-2.3.30.jar;C:\Users\noobp\.m2\repository\com\google\code\gson\gson\2.8.6\gson-2.8.6.jar;C:\Users\noobp\.m2\repository\tech\grasshopper\extent-pdf-report\2.9.1\extent-pdf-report-2.9.1.jar;C:\Users\noobp\.m2\repository\tech\grasshopper\cucumber-pdf-report\2.11.1\cucumber-pdf-report-2.11.1.jar;C:\Users\noobp\.m2\repository\org\apache\pdfbox\pdfbox\2.0.26\pdfbox-2.0.26.jar;C:\Users\noobp\.m2\repository\org\apache\pdfbox\fontbox\2.0.26\fontbox-2.0.26.jar;C:\Users\noobp\.m2\repository\org\knowm\xchart\xchart\3.8.0\xchart-3.8.0.jar;C:\Users\noobp\.m2\repository\de\erichseifert\vectorgraphics2d\VectorGraphics2D\0.13\VectorGraphics2D-0.13.jar;C:\Users\noobp\.m2\repository\de\rototor\pdfbox\graphics2d\0.30\graphics2d-0.30.jar;C:\Users\noobp\.m2\repository\com\madgag\animated-gif-lib\1.4\animated-gif-lib-1.4.jar;C:\Users\noobp\.m2\repository\org\yaml\snakeyaml\1.28\snakeyaml-1.28.jar;C:\Users\noobp\.m2\repository\tech\grasshopper\table-layout\1.5.1\table-layout-1.5.1.jar;C:\Users\noobp\.m2\repository\tech\grasshopper\rest-assured-cucumber-pdf-report\1.4.1\rest-assured-cucumber-pdf-report-1.4.1.jar;C:\Users\noobp\.m2\repository\org\jsoup\jsoup\1.15.3\jsoup-1.15.3.jar;C:\Users\noobp\.m2\repository\com\aventstack\klov-reporter\5.0.9\klov-reporter-5.0.9.jar;C:\Users\noobp\.m2\repository\org\mongodb\mongodb-driver\3.6.4\mongodb-driver-3.6.4.jar;C:\Users\noobp\.m2\repository\org\mongodb\mongodb-driver-core\3.6.4\mongodb-driver-core-3.6.4.jar;C:\Users\noobp\.m2\repository\org\mongodb\bson\3.6.4\bson-3.6.4.jar;C:\Users\noobp\.m2\repository\org\apache\httpcomponents\httpclient\4.5.13\httpclient-4.5.13.jar;C:\Users\noobp\.m2\repository\org\apache\httpcomponents\httpcore\4.4.13\httpcore-4.4.13.jar;C:\Users\noobp\.m2\repository\commons-logging\commons-logging\1.2\commons-logging-1.2.jar;C:\Users\noobp\.m2\repository\commons-codec\commons-codec\1.11\commons-codec-1.11.jar;C:\Users\noobp\.m2\repository\org\apache\httpcomponents\httpmime\4.5.13\httpmime-4.5.13.jar;C:\Users\noobp\.m2\repository\tech\grasshopper\htmlextentreporter\1.0.1\htmlextentreporter-1.0.1.jar;C:\Users\noobp\.m2\repository\com\itextpdf\itextpdf\5.5.13.4\itextpdf-5.5.13.4.jar;C:\Users\noobp\.m2\repository\org\projectlombok\lombok\1.18.24\lombok-1.18.24.jar;"/>
    <property name="sun.cpu.endian" value="little"/>
    <property name="user.home" value="C:\Users\noobp"/>
    <property name="user.language" value="es"/>
    <property name="java.specification.vendor" value="Oracle Corporation"/>
    <property name="java.version.date" value="2024-04-16"/>
    <property name="java.home" value="C:\Program Files\Java\jdk-17"/>
    <property name="file.separator" value="\"/>
    <property name="basedir" value="C:\Users\noobp\OneDrive\Escritorio\Proyecto1\14569_G4_IRSW\Documentacion1\13_GranjaPiscicolaTest"/>
    <property name="java.vm.compressedOopsMode" value="Zero based"/>
    <property name="line.separator" value="&#10;"/>
    <property name="java.vm.specification.vendor" value="Oracle Corporation"/>
    <property name="java.specification.name" value="Java Platform API Specification"/>
    <property name="surefire.real.class.path" value="C:\Users\noobp\AppData\Local\Temp\surefire8524073080004070618\surefirebooter1015427357413963105.jar"/>
    <property name="user.script" value=""/>
    <property name="sun.management.compiler" value="HotSpot 64-Bit Tiered Compilers"/>
    <property name="java.runtime.version" value="17.0.11+7-LTS-207"/>
    <property name="user.name" value="noobp"/>
    <property name="path.separator" value=";"/>
    <property name="os.version" value="10.0"/>
    <property name="java.runtime.name" value="Java(TM) SE Runtime Environment"/>
    <property name="file.encoding" value="Cp1252"/>
    <property name="java.vm.name" value="Java HotSpot(TM) 64-Bit Server VM"/>
    <property name="localRepository" value="C:\Users\noobp\.m2\repository"/>
    <property name="cucumber.options" value="--plugin json:target/cucumber-report.json"/>
    <property name="java.vendor.url.bug" value="https://bugreport.java.com/bugreport/"/>
    <property name="java.io.tmpdir" value="C:\Users\noobp\AppData\Local\Temp\"/>
    <property name="java.version" value="17.0.11"/>
    <property name="user.dir" value="C:\Users\noobp\OneDrive\Escritorio\Proyecto1\14569_G4_IRSW\Documentacion1\13_GranjaPiscicolaTest"/>
    <property name="os.arch" value="amd64"/>
    <property name="java.vm.specification.name" value="Java Virtual Machine Specification"/>
    <property name="sun.os.patch.level" value=""/>
    <property name="native.encoding" value="Cp1252"/>
    <property name="java.library.path" value="C:\Program Files\Java\jdk-17\bin;C:\Windows\Sun\Java\bin;C:\Windows\system32;C:\Windows;C:\Program Files\Common Files\Oracle\Java\javapath;C:\Windows\system32;C:\Windows;C:\Windows\System32\Wbem;C:\Windows\System32\WindowsPowerShell\v1.0\;C:\Windows\System32\OpenSSH\;C:\Program Files\NVIDIA Corporation\NVIDIA NvDLISR;C:\Program Files (x86)\NVIDIA Corporation\PhysX\Common;C:\Program Files\dotnet\;C:\Program Files (x86)\Windows Kits\10\Windows Performance Toolkit\;C:\Program Files\Git\cmd;C:\JS;C:\Users\noobp\OneDrive\Escritorio\Maven\apache-maven-3.9.8\bin;C:\Users\noobp\AppData\Local\Microsoft\WindowsApps;C:\Users\noobp\AppData\Local\Programs\Microsoft VS Code\bin;C:\Users\noobp\.dotnet\tools;C:\Program Files\JetBrains\IntelliJ IDEA Community Edition 2024.1.4\bin;;C:\JS;C:\Users\noobp\OneDrive\Escritorio\Maven\apache-maven-3.9.8\bin;;."/>
    <property name="java.vm.info" value="mixed mode, sharing"/>
    <property name="java.vendor" value="Oracle Corporation"/>
    <property name="java.vm.version" value="17.0.11+7-LTS-207"/>
    <property name="sun.io.unicode.encoding" value="UnicodeLittle"/>
    <property name="java.class.version" value="61.0"/>
  </properties>
  <testcase name="Validar que se pueda ingresar los productos correctamente a la lista #1" classname="Cotizar productos" time="4.357">
    <system-out><![CDATA[
Scenario Outline: Validar que se pueda ingresar los productos correctamente a la lista &amp#27;[90m# src/test/resources/features/Cotizacion.feature:13&amp#27;[0m
  &amp#27;[32mGiven &amp#27;[0m&amp#27;[32mQuiero cotizar productos&amp#27;[0m                                                       &amp#27;[90m# ec.edu.espe.granjapiscicola.CotizacionStepDefinition.quiero_cotizar_productos()&amp#27;[0m
  &amp#27;[32mWhen &amp#27;[0m&amp#27;[32mDoy click en el bot1 &amp#27;[0m&amp#27;[32m&amp#27;[1m"COTIZAR"&amp#27;[0m                                                  &amp#27;[90m# ec.edu.espe.granjapiscicola.CotizacionStepDefinition.doy_click_en_el_bot1(java.lang.String)&amp#27;[0m
  &amp#27;[32mThen &amp#27;[0m&amp#27;[32mSe debe validar que los productos se ingresen correctamente en la lista&amp#27;[0m         &amp#27;[90m# ec.edu.espe.granjapiscicola.CotizacionStepDefinition.se_debe_validar_que_los_productos_se_ingresen_correctamente_en_la_lista()&amp#27;[0m
]]></system-out>
    <system-err><![CDATA[ago. 16, 2024 5:07:59 A. M. io.cucumber.core.options.CucumberPropertiesParser lambda$warnWhenCucumberOptionsIsUsed$2
WARNING: Passing commandline options via the property 'cucumber.options' is no longer supported. Please use individual properties instead. See the java doc on io.cucumber.core.options.Constants for details.
]]></system-err>
  </testcase>
  <testcase name="Validar que se pueda ingresar los productos correctamente a la lista #2" classname="Cotizar productos" time="2.476">
    <failure message="No se encontró el botón con el texto: Otro" type="java.lang.AssertionError"><![CDATA[java.lang.AssertionError: No se encontró el botón con el texto: Otro
]]></failure>
    <system-out><![CDATA[
Scenario Outline: Validar que se pueda ingresar los productos correctamente a la lista &amp#27;[90m# src/test/resources/features/Cotizacion.feature:22&amp#27;[0m
  &amp#27;[32mGiven &amp#27;[0m&amp#27;[32mQuiero cotizar productos&amp#27;[0m                                                       &amp#27;[90m# ec.edu.espe.granjapiscicola.CotizacionStepDefinition.quiero_cotizar_productos()&amp#27;[0m
  &amp#27;[31mWhen &amp#27;[0m&amp#27;[31mDoy click en el bot1 &amp#27;[0m&amp#27;[31m&amp#27;[1m"Otro"&amp#27;[0m                                                     &amp#27;[90m# ec.edu.espe.granjapiscicola.CotizacionStepDefinition.doy_click_en_el_bot1(java.lang.String)&amp#27;[0m
      &amp#27;[31mjava.lang.AssertionError: No se encontrÃ³ el botÃ³n con el texto: Otro
	at org.junit.Assert.fail(Assert.java:88)
	at ec.edu.espe.granjapiscicola.CotizacionStepDefinition.doy_click_en_el_bot1(CotizacionStepDefinition.java:70)
	at âœ½.Doy click en el bot1 "Otro"(file:///C:/Users/noobp/OneDrive/Escritorio/Proyecto1/14569_G4_IRSW/Documentacion1/13_GranjaPiscicolaTest/src/test/resources/features/Cotizacion.feature:17)
&amp#27;[0m
  &amp#27;[36mThen &amp#27;[0m&amp#27;[36mSe debe validar que los productos se ingresen correctamente en la lista&amp#27;[0m         &amp#27;[90m# ec.edu.espe.granjapiscicola.CotizacionStepDefinition.se_debe_validar_que_los_productos_se_ingresen_correctamente_en_la_lista()&amp#27;[0m
]]></system-out>
  </testcase>
  <testcase name="Validar que se pueda enviar la cotizacion #1" classname="Cotizar productos enviar" time="12.364">
    <system-out><![CDATA[
Scenario Outline: Validar que se pueda enviar la cotizacion                                                     &amp#27;[90m# src/test/resources/features/CotizacionAceptar.feature:13&amp#27;[0m
  &amp#27;[32mGiven &amp#27;[0m&amp#27;[32mQuiero enviar la cotizacion&amp#27;[0m                                                                             &amp#27;[90m# ec.edu.espe.granjapiscicola.CotizacionAceptarStepDefinition.quiero_enviar_la_cotizacion()&amp#27;[0m
  &amp#27;[32mWhen &amp#27;[0m&amp#27;[32mDoy click en el bot2 &amp#27;[0m&amp#27;[32m&amp#27;[1m"COTIZAR"&amp#27;[0m&amp#27;[32m se envian los datos nombre &amp#27;[0m&amp#27;[32m&amp#27;[1m"Fernando Tipan"&amp#27;[0m&amp#27;[32m y correo &amp#27;[0m&amp#27;[32m&amp#27;[1m"frtipan1@gmail.com"&amp#27;[0m &amp#27;[90m# ec.edu.espe.granjapiscicola.CotizacionAceptarStepDefinition.doy_click_en_el_bot2_se_envian_los_datos_nombre_y_correo(java.lang.String,java.lang.String,java.lang.String)&amp#27;[0m
  &amp#27;[32mThen &amp#27;[0m&amp#27;[32mSe debe validar que los productos y datos se envien correctamente de la lista&amp#27;[0m                            &amp#27;[90m# ec.edu.espe.granjapiscicola.CotizacionAceptarStepDefinition.se_debe_validar_que_los_productos_y_datos_se_envien_correctamente_de_la_lista()&amp#27;[0m
]]></system-out>
  </testcase>
  <testcase name="Validar que se pueda enviar la cotizacion #2" classname="Cotizar productos enviar" time="6.236">
    <failure message="Nombre no válido." type="java.lang.AssertionError"><![CDATA[java.lang.AssertionError: Nombre no válido.
]]></failure>
    <system-out><![CDATA[
Scenario Outline: Validar que se pueda enviar la cotizacion                                                        &amp#27;[90m# src/test/resources/features/CotizacionAceptar.feature:22&amp#27;[0m
  &amp#27;[32mGiven &amp#27;[0m&amp#27;[32mQuiero enviar la cotizacion&amp#27;[0m                                                                                &amp#27;[90m# ec.edu.espe.granjapiscicola.CotizacionAceptarStepDefinition.quiero_enviar_la_cotizacion()&amp#27;[0m
  &amp#27;[32mWhen &amp#27;[0m&amp#27;[32mDoy click en el bot2 &amp#27;[0m&amp#27;[32m&amp#27;[1m"COTIZAR"&amp#27;[0m&amp#27;[32m se envian los datos nombre &amp#27;[0m&amp#27;[32m&amp#27;[1m"Fernando Tipan123"&amp#27;[0m&amp#27;[32m y correo &amp#27;[0m&amp#27;[32m&amp#27;[1m"frtipan1@gmail.com"&amp#27;[0m &amp#27;[90m# ec.edu.espe.granjapiscicola.CotizacionAceptarStepDefinition.doy_click_en_el_bot2_se_envian_los_datos_nombre_y_correo(java.lang.String,java.lang.String,java.lang.String)&amp#27;[0m
  &amp#27;[31mThen &amp#27;[0m&amp#27;[31mSe debe validar que los productos y datos se envien correctamente de la lista&amp#27;[0m                               &amp#27;[90m# ec.edu.espe.granjapiscicola.CotizacionAceptarStepDefinition.se_debe_validar_que_los_productos_y_datos_se_envien_correctamente_de_la_lista()&amp#27;[0m
      &amp#27;[31mjava.lang.AssertionError: Nombre no vÃ¡lido.
	at org.junit.Assert.fail(Assert.java:88)
	at ec.edu.espe.granjapiscicola.CotizacionAceptarStepDefinition.se_debe_validar_que_los_productos_y_datos_se_envien_correctamente_de_la_lista(CotizacionAceptarStepDefinition.java:139)
	at âœ½.Se debe validar que los productos y datos se envien correctamente de la lista(file:///C:/Users/noobp/OneDrive/Escritorio/Proyecto1/14569_G4_IRSW/Documentacion1/13_GranjaPiscicolaTest/src/test/resources/features/CotizacionAceptar.feature:18)
&amp#27;[0m
]]></system-out>
  </testcase>
  <testcase name="Validar que se pueda enviar la cotizacion #3" classname="Cotizar productos enviar" time="6.127">
    <failure message="Correo electrónico no válido." type="java.lang.AssertionError"><![CDATA[java.lang.AssertionError: Correo electrónico no válido.
]]></failure>
    <system-out><![CDATA[
Scenario Outline: Validar que se pueda enviar la cotizacion                                                      &amp#27;[90m# src/test/resources/features/CotizacionAceptar.feature:31&amp#27;[0m
  &amp#27;[32mGiven &amp#27;[0m&amp#27;[32mQuiero enviar la cotizacion&amp#27;[0m                                                                              &amp#27;[90m# ec.edu.espe.granjapiscicola.CotizacionAceptarStepDefinition.quiero_enviar_la_cotizacion()&amp#27;[0m
  &amp#27;[32mWhen &amp#27;[0m&amp#27;[32mDoy click en el bot2 &amp#27;[0m&amp#27;[32m&amp#27;[1m"COTIZAR"&amp#27;[0m&amp#27;[32m se envian los datos nombre &amp#27;[0m&amp#27;[32m&amp#27;[1m"Fernando Tipan"&amp#27;[0m&amp#27;[32m y correo &amp#27;[0m&amp#27;[32m&amp#27;[1m"frtipan1@gmail.pret"&amp#27;[0m &amp#27;[90m# ec.edu.espe.granjapiscicola.CotizacionAceptarStepDefinition.doy_click_en_el_bot2_se_envian_los_datos_nombre_y_correo(java.lang.String,java.lang.String,java.lang.String)&amp#27;[0m
  &amp#27;[31mThen &amp#27;[0m&amp#27;[31mSe debe validar que los productos y datos se envien correctamente de la lista&amp#27;[0m                             &amp#27;[90m# ec.edu.espe.granjapiscicola.CotizacionAceptarStepDefinition.se_debe_validar_que_los_productos_y_datos_se_envien_correctamente_de_la_lista()&amp#27;[0m
      &amp#27;[31mjava.lang.AssertionError: Correo electrÃ³nico no vÃ¡lido.
	at org.junit.Assert.fail(Assert.java:88)
	at ec.edu.espe.granjapiscicola.CotizacionAceptarStepDefinition.se_debe_validar_que_los_productos_y_datos_se_envien_correctamente_de_la_lista(CotizacionAceptarStepDefinition.java:125)
	at âœ½.Se debe validar que los productos y datos se envien correctamente de la lista(file:///C:/Users/noobp/OneDrive/Escritorio/Proyecto1/14569_G4_IRSW/Documentacion1/13_GranjaPiscicolaTest/src/test/resources/features/CotizacionAceptar.feature:27)
&amp#27;[0m
]]></system-out>
  </testcase>
  <testcase name="Validar que se pueda enviar la cotizacion #4" classname="Cotizar productos enviar" time="2.321">
    <failure message="No se encontró el botón con el texto: otro" type="java.lang.AssertionError"><![CDATA[java.lang.AssertionError: No se encontró el botón con el texto: otro
]]></failure>
    <system-out><![CDATA[
Scenario Outline: Validar que se pueda enviar la cotizacion                                                  &amp#27;[90m# src/test/resources/features/CotizacionAceptar.feature:40&amp#27;[0m
  &amp#27;[32mGiven &amp#27;[0m&amp#27;[32mQuiero enviar la cotizacion&amp#27;[0m                                                                          &amp#27;[90m# ec.edu.espe.granjapiscicola.CotizacionAceptarStepDefinition.quiero_enviar_la_cotizacion()&amp#27;[0m
  &amp#27;[31mWhen &amp#27;[0m&amp#27;[31mDoy click en el bot2 &amp#27;[0m&amp#27;[31m&amp#27;[1m"otro"&amp#27;[0m&amp#27;[31m se envian los datos nombre &amp#27;[0m&amp#27;[31m&amp#27;[1m"Fernando Tipan"&amp#27;[0m&amp#27;[31m y correo &amp#27;[0m&amp#27;[31m&amp#27;[1m"frtipan1@gmail.com"&amp#27;[0m &amp#27;[90m# ec.edu.espe.granjapiscicola.CotizacionAceptarStepDefinition.doy_click_en_el_bot2_se_envian_los_datos_nombre_y_correo(java.lang.String,java.lang.String,java.lang.String)&amp#27;[0m
      &amp#27;[31mjava.lang.AssertionError: No se encontrÃ³ el botÃ³n con el texto: otro
	at org.junit.Assert.fail(Assert.java:88)
	at ec.edu.espe.granjapiscicola.CotizacionAceptarStepDefinition.doy_click_en_el_bot2_se_envian_los_datos_nombre_y_correo(CotizacionAceptarStepDefinition.java:80)
	at âœ½.Doy click en el bot2 "otro" se envian los datos nombre "Fernando Tipan" y correo "frtipan1@gmail.com"(file:///C:/Users/noobp/OneDrive/Escritorio/Proyecto1/14569_G4_IRSW/Documentacion1/13_GranjaPiscicolaTest/src/test/resources/features/CotizacionAceptar.feature:35)
&amp#27;[0m
  &amp#27;[36mThen &amp#27;[0m&amp#27;[36mSe debe validar que los productos y datos se envien correctamente de la lista&amp#27;[0m                         &amp#27;[90m# ec.edu.espe.granjapiscicola.CotizacionAceptarStepDefinition.se_debe_validar_que_los_productos_y_datos_se_envien_correctamente_de_la_lista()&amp#27;[0m
]]></system-out>
  </testcase>
  <testcase name="Verificar que el modal muestra correctamente una imagen #1" classname="Mostrar Galeria de Productos" time="4.056">
    <system-out><![CDATA[
Scenario Outline: Verificar que el modal muestra correctamente una imagen &amp#27;[90m# src/test/resources/features/GaleriaPP.feature:12&amp#27;[0m
  &amp#27;[32mGiven &amp#27;[0m&amp#27;[32mQuiero verificar la galeria de procesos&amp#27;[0m                           &amp#27;[90m# ec.edu.espe.granjapiscicola.GaleriaPPStepDefinition.quiero_verificar_la_galeria_de_procesos()&amp#27;[0m
  &amp#27;[32mWhen &amp#27;[0m&amp#27;[32mSelecciono una imagen o video de la galeria &amp#27;[0m&amp#27;[32m&amp#27;[1m"1"&amp#27;[0m                    &amp#27;[90m# ec.edu.espe.granjapiscicola.GaleriaPPStepDefinition.selecciono_una_imagen_o_video_de_la_galeria(java.lang.String)&amp#27;[0m
  &amp#27;[32mThen &amp#27;[0m&amp#27;[32mEl modal deberia mostrar la imagen o video correctamente&amp#27;[0m           &amp#27;[90m# ec.edu.espe.granjapiscicola.GaleriaPPStepDefinition.el_modal_deberia_mostrar_la_imagen_o_video_correctamente()&amp#27;[0m
]]></system-out>
  </testcase>
  <testcase name="Verificar que el modal muestra correctamente una imagen #2" classname="Mostrar Galeria de Productos" time="4.751">
    <failure message="El modal no muestra una imagen válida." type="java.lang.AssertionError"><![CDATA[java.lang.AssertionError: El modal no muestra una imagen válida.
]]></failure>
    <system-out><![CDATA[
Scenario Outline: Verificar que el modal muestra correctamente una imagen &amp#27;[90m# src/test/resources/features/GaleriaPP.feature:20&amp#27;[0m
  &amp#27;[32mGiven &amp#27;[0m&amp#27;[32mQuiero verificar la galeria de procesos&amp#27;[0m                           &amp#27;[90m# ec.edu.espe.granjapiscicola.GaleriaPPStepDefinition.quiero_verificar_la_galeria_de_procesos()&amp#27;[0m
  &amp#27;[32mWhen &amp#27;[0m&amp#27;[32mSelecciono una imagen o video de la galeria &amp#27;[0m&amp#27;[32m&amp#27;[1m"2"&amp#27;[0m                    &amp#27;[90m# ec.edu.espe.granjapiscicola.GaleriaPPStepDefinition.selecciono_una_imagen_o_video_de_la_galeria(java.lang.String)&amp#27;[0m
  &amp#27;[31mThen &amp#27;[0m&amp#27;[31mEl modal deberia mostrar la imagen o video correctamente&amp#27;[0m           &amp#27;[90m# ec.edu.espe.granjapiscicola.GaleriaPPStepDefinition.el_modal_deberia_mostrar_la_imagen_o_video_correctamente()&amp#27;[0m
      &amp#27;[31mjava.lang.AssertionError: El modal no muestra una imagen vÃ¡lida.
	at org.junit.Assert.fail(Assert.java:88)
	at ec.edu.espe.granjapiscicola.GaleriaPPStepDefinition.el_modal_deberia_mostrar_la_imagen_o_video_correctamente(GaleriaPPStepDefinition.java:71)
	at âœ½.El modal deberia mostrar la imagen o video correctamente(file:///C:/Users/noobp/OneDrive/Escritorio/Proyecto1/14569_G4_IRSW/Documentacion1/13_GranjaPiscicolaTest/src/test/resources/features/GaleriaPP.feature:17)
&amp#27;[0m
]]></system-out>
  </testcase>
  <testcase name="Validar que se ingrese correctamente a la pagina web #1" classname="Mostrar Información General" time="3.283">
    <system-out><![CDATA[
Scenario Outline: Validar que se ingrese correctamente a la pagina web                                                                                       &amp#27;[90m# src/test/resources/features/InformacionGeneral.feature:13&amp#27;[0m
  &amp#27;[32mGiven &amp#27;[0m&amp#27;[32mQuiero visualizar informacion&amp#27;[0m                                                                                                                        &amp#27;[90m# ec.edu.espe.granjapiscicola.InformacionGeneralStepDefinition.quiero_visualizar_informacion()&amp#27;[0m
  &amp#27;[32mWhen &amp#27;[0m&amp#27;[32mIngreso a la pagina web &amp#27;[0m&amp#27;[32m&amp#27;[1m"file:///C:/Users/noobp/OneDrive/Escritorio/Requisitos%20(2)/Requisitos/Pagina_Inicial.html"&amp#27;[0m&amp#27;[32m visualizo la informacion inicial&amp#27;[0m &amp#27;[90m# ec.edu.espe.granjapiscicola.InformacionGeneralStepDefinition.ingreso_a_la_pagina_web_visualizo_la_informacion_inicial(java.lang.String)&amp#27;[0m
  &amp#27;[32mThen &amp#27;[0m&amp#27;[32mSe debe validar que se ingrese correctamente a la pagina web&amp#27;[0m                                                                                          &amp#27;[90m# ec.edu.espe.granjapiscicola.InformacionGeneralStepDefinition.se_debe_validar_que_se_ingrese_correctamente_a_la_pagina_web()&amp#27;[0m
]]></system-out>
  </testcase>
  <testcase name="Validar que se ingrese correctamente a la pagina web #2" classname="Mostrar Información General" time="8.333">
    <failure message="Pagina no válida." type="java.lang.AssertionError"><![CDATA[java.lang.AssertionError: Pagina no válida.
]]></failure>
    <system-out><![CDATA[
Scenario Outline: Validar que se ingrese correctamente a la pagina web                 &amp#27;[90m# src/test/resources/features/InformacionGeneral.feature:22&amp#27;[0m
  &amp#27;[32mGiven &amp#27;[0m&amp#27;[32mQuiero visualizar informacion&amp#27;[0m                                                  &amp#27;[90m# ec.edu.espe.granjapiscicola.InformacionGeneralStepDefinition.quiero_visualizar_informacion()&amp#27;[0m
  &amp#27;[32mWhen &amp#27;[0m&amp#27;[32mIngreso a la pagina web &amp#27;[0m&amp#27;[32m&amp#27;[1m"https://youtube.com/"&amp#27;[0m&amp#27;[32m visualizo la informacion inicial&amp#27;[0m &amp#27;[90m# ec.edu.espe.granjapiscicola.InformacionGeneralStepDefinition.ingreso_a_la_pagina_web_visualizo_la_informacion_inicial(java.lang.String)&amp#27;[0m
  &amp#27;[31mThen &amp#27;[0m&amp#27;[31mSe debe validar que se ingrese correctamente a la pagina web&amp#27;[0m                    &amp#27;[90m# ec.edu.espe.granjapiscicola.InformacionGeneralStepDefinition.se_debe_validar_que_se_ingrese_correctamente_a_la_pagina_web()&amp#27;[0m
      &amp#27;[31mjava.lang.AssertionError: Pagina no vÃ¡lida.
	at org.junit.Assert.fail(Assert.java:88)
	at ec.edu.espe.granjapiscicola.InformacionGeneralStepDefinition.se_debe_validar_que_se_ingrese_correctamente_a_la_pagina_web(InformacionGeneralStepDefinition.java:56)
	at âœ½.Se debe validar que se ingrese correctamente a la pagina web(file:///C:/Users/noobp/OneDrive/Escritorio/Proyecto1/14569_G4_IRSW/Documentacion1/13_GranjaPiscicolaTest/src/test/resources/features/InformacionGeneral.feature:18)
&amp#27;[0m
]]></system-out>
  </testcase>
  <testcase name="Validar que se pueda ingresar los productos correctamente a la lista" classname="Comunicarse con el vendedor" time="3.583">
    <failure message="Nombre no válido." type="java.lang.AssertionError"><![CDATA[java.lang.AssertionError: Nombre no válido.
]]></failure>
    <system-out><![CDATA[
Scenario Outline: Validar que se pueda ingresar los productos correctamente a la lista                          &amp#27;[90m# src/test/resources/features/Login.feature:14&amp#27;[0m
  &amp#27;[32mGiven &amp#27;[0m&amp#27;[32mQuiero comunicarme con el vendedor&amp#27;[0m                                                                      &amp#27;[90m# ec.edu.espe.granjapiscicola.LoginStepDefinition.quiero_comunicarme_con_el_vendedor()&amp#27;[0m
  &amp#27;[32mWhen &amp#27;[0m&amp#27;[32mIngreso el nombre &amp#27;[0m&amp#27;[32m&amp#27;[1m"Fernando Tipan843"&amp#27;[0m&amp#27;[32m el correo &amp#27;[0m&amp#27;[32m&amp#27;[1m"frtipan1@gmail.com"&amp#27;[0m&amp#27;[32m y el comentario &amp#27;[0m&amp#27;[32m&amp#27;[1m"Deseo informaciÃ³n"&amp#27;[0m &amp#27;[90m# ec.edu.espe.granjapiscicola.LoginStepDefinition.ingreso_el_nombre_el_correo_y_el_comentario(java.lang.String,java.lang.String,java.lang.String)&amp#27;[0m
  &amp#27;[31mThen &amp#27;[0m&amp#27;[31mSe debe validar que el correcto y el nombre sean correctos&amp#27;[0m                                               &amp#27;[90m# ec.edu.espe.granjapiscicola.LoginStepDefinition.se_debe_validar_que_el_correcto_y_el_nombre_sean_correctos()&amp#27;[0m
      &amp#27;[31mjava.lang.AssertionError: Nombre no vÃ¡lido.
	at org.junit.Assert.fail(Assert.java:88)
	at ec.edu.espe.granjapiscicola.LoginStepDefinition.se_debe_validar_que_el_correcto_y_el_nombre_sean_correctos(LoginStepDefinition.java:70)
	at âœ½.Se debe validar que el correcto y el nombre sean correctos(file:///C:/Users/noobp/OneDrive/Escritorio/Proyecto1/14569_G4_IRSW/Documentacion1/13_GranjaPiscicolaTest/src/test/resources/features/Login.feature:10)
&amp#27;[0m
]]></system-out>
  </testcase>
  <testcase name="Validar que se pueda ingresar datos como correo electronico y comentarios #1" classname="Comunicarse con el vendedor" time="7.898">
    <system-out><![CDATA[
Scenario Outline: Validar que se pueda ingresar datos como correo electronico y comentarios                       &amp#27;[90m# src/test/resources/features/Login.feature:23&amp#27;[0m
  &amp#27;[32mGiven &amp#27;[0m&amp#27;[32mQuiero comunicarme con el vendedor&amp#27;[0m                                                                        &amp#27;[90m# ec.edu.espe.granjapiscicola.LoginStepDefinition.quiero_comunicarme_con_el_vendedor()&amp#27;[0m
  &amp#27;[32mWhen &amp#27;[0m&amp#27;[32mIngreso el nombre &amp#27;[0m&amp#27;[32m&amp#27;[1m"Jonathan Garcia"&amp#27;[0m&amp#27;[32m el correo &amp#27;[0m&amp#27;[32m&amp#27;[1m"jdgarcia15@hotmail.com"&amp#27;[0m&amp#27;[32m y el comentario &amp#27;[0m&amp#27;[32m&amp#27;[1m"Deseo informaciÃ³n"&amp#27;[0m &amp#27;[90m# ec.edu.espe.granjapiscicola.LoginStepDefinition.ingreso_el_nombre_el_correo_y_el_comentario(java.lang.String,java.lang.String,java.lang.String)&amp#27;[0m
  &amp#27;[32mThen &amp#27;[0m&amp#27;[32mSe debe validar que el correcto y el nombre sean correctos&amp#27;[0m                                                 &amp#27;[90m# ec.edu.espe.granjapiscicola.LoginStepDefinition.se_debe_validar_que_el_correcto_y_el_nombre_sean_correctos()&amp#27;[0m
]]></system-out>
  </testcase>
  <testcase name="Validar que se pueda ingresar datos como correo electronico y comentarios #2" classname="Comunicarse con el vendedor" time="4.599">
    <failure message="Correo electrónico no válido." type="java.lang.AssertionError"><![CDATA[java.lang.AssertionError: Correo electrónico no válido.
]]></failure>
    <system-out><![CDATA[
Scenario Outline: Validar que se pueda ingresar datos como correo electronico y comentarios                 &amp#27;[90m# src/test/resources/features/Login.feature:32&amp#27;[0m
  &amp#27;[32mGiven &amp#27;[0m&amp#27;[32mQuiero comunicarme con el vendedor&amp#27;[0m                                                                  &amp#27;[90m# ec.edu.espe.granjapiscicola.LoginStepDefinition.quiero_comunicarme_con_el_vendedor()&amp#27;[0m
  &amp#27;[32mWhen &amp#27;[0m&amp#27;[32mIngreso el nombre &amp#27;[0m&amp#27;[32m&amp#27;[1m"John Limones"&amp#27;[0m&amp#27;[32m el correo &amp#27;[0m&amp#27;[32m&amp#27;[1m"jjlimones@espe.crud"&amp#27;[0m&amp#27;[32m y el comentario &amp#27;[0m&amp#27;[32m&amp#27;[1m"Deseo informaciÃ³n"&amp#27;[0m &amp#27;[90m# ec.edu.espe.granjapiscicola.LoginStepDefinition.ingreso_el_nombre_el_correo_y_el_comentario(java.lang.String,java.lang.String,java.lang.String)&amp#27;[0m
  &amp#27;[31mThen &amp#27;[0m&amp#27;[31mSe debe validar que el correcto y el nombre sean correctos&amp#27;[0m                                           &amp#27;[90m# ec.edu.espe.granjapiscicola.LoginStepDefinition.se_debe_validar_que_el_correcto_y_el_nombre_sean_correctos()&amp#27;[0m
      &amp#27;[31mjava.lang.AssertionError: Correo electrÃ³nico no vÃ¡lido.
	at org.junit.Assert.fail(Assert.java:88)
	at ec.edu.espe.granjapiscicola.LoginStepDefinition.se_debe_validar_que_el_correcto_y_el_nombre_sean_correctos(LoginStepDefinition.java:61)
	at âœ½.Se debe validar que el correcto y el nombre sean correctos(file:///C:/Users/noobp/OneDrive/Escritorio/Proyecto1/14569_G4_IRSW/Documentacion1/13_GranjaPiscicolaTest/src/test/resources/features/Login.feature:28)
&amp#27;[0m
]]></system-out>
  </testcase>
  <testcase name="Validar que se pueda ingresar datos como correo electronico y comentarios #3" classname="Comunicarse con el vendedor" time="2.98">
    <failure message="Correo electrónico no válido." type="java.lang.AssertionError"><![CDATA[java.lang.AssertionError: Correo electrónico no válido.
]]></failure>
    <system-out><![CDATA[
Scenario Outline: Validar que se pueda ingresar datos como correo electronico y comentarios &amp#27;[90m# src/test/resources/features/Login.feature:33&amp#27;[0m
  &amp#27;[32mGiven &amp#27;[0m&amp#27;[32mQuiero comunicarme con el vendedor&amp#27;[0m                                                  &amp#27;[90m# ec.edu.espe.granjapiscicola.LoginStepDefinition.quiero_comunicarme_con_el_vendedor()&amp#27;[0m
  &amp#27;[32mWhen &amp#27;[0m&amp#27;[32mIngreso el nombre &amp#27;[0m&amp#27;[32m&amp#27;[1m""&amp#27;[0m&amp#27;[32m el correo &amp#27;[0m&amp#27;[32m&amp#27;[1m""&amp#27;[0m&amp#27;[32m y el comentario &amp#27;[0m&amp#27;[32m&amp#27;[1m""&amp#27;[0m                                 &amp#27;[90m# ec.edu.espe.granjapiscicola.LoginStepDefinition.ingreso_el_nombre_el_correo_y_el_comentario(java.lang.String,java.lang.String,java.lang.String)&amp#27;[0m
  &amp#27;[31mThen &amp#27;[0m&amp#27;[31mSe debe validar que el correcto y el nombre sean correctos&amp#27;[0m                           &amp#27;[90m# ec.edu.espe.granjapiscicola.LoginStepDefinition.se_debe_validar_que_el_correcto_y_el_nombre_sean_correctos()&amp#27;[0m
      &amp#27;[31mjava.lang.AssertionError: Correo electrÃ³nico no vÃ¡lido.
	at org.junit.Assert.fail(Assert.java:88)
	at ec.edu.espe.granjapiscicola.LoginStepDefinition.se_debe_validar_que_el_correcto_y_el_nombre_sean_correctos(LoginStepDefinition.java:61)
	at âœ½.Se debe validar que el correcto y el nombre sean correctos(file:///C:/Users/noobp/OneDrive/Escritorio/Proyecto1/14569_G4_IRSW/Documentacion1/13_GranjaPiscicolaTest/src/test/resources/features/Login.feature:28)
&amp#27;[0m
]]></system-out>
  </testcase>
</testsuite>